INFO [2025-12-12 18:56:23] $x
INFO [2025-12-12 18:56:23] list(GhostKOALA = ghostkoala_kos, eggNOG = eggnog_kos)
INFO [2025-12-12 18:56:23] 
INFO [2025-12-12 18:56:23] $category.names
INFO [2025-12-12 18:56:23] c("GhostKOALA", "eggNOG")
INFO [2025-12-12 18:56:23] 
INFO [2025-12-12 18:56:23] $filename
INFO [2025-12-12 18:56:23] NULL
INFO [2025-12-12 18:56:23] 
INFO [2025-12-12 18:56:23] $fill
INFO [2025-12-12 18:56:23] c("#440154ff", "#21908dff")
INFO [2025-12-12 18:56:23] 
INFO [2025-12-12 18:56:23] $alpha
INFO [2025-12-12 18:56:23] [1] 0.5
INFO [2025-12-12 18:56:23] 
INFO [2025-12-12 18:56:23] $cex
INFO [2025-12-12 18:56:23] [1] 2
INFO [2025-12-12 18:56:23] 
INFO [2025-12-12 18:56:23] $fontfamily
INFO [2025-12-12 18:56:23] [1] "sans"
INFO [2025-12-12 18:56:23] 
INFO [2025-12-12 18:56:23] $cat.cex
INFO [2025-12-12 18:56:23] [1] 1.5
INFO [2025-12-12 18:56:23] 
INFO [2025-12-12 18:56:23] $cat.fontface
INFO [2025-12-12 18:56:23] [1] "bold"
INFO [2025-12-12 18:56:23] 
INFO [2025-12-12 18:56:23] $cat.dist
INFO [2025-12-12 18:56:23] c(0.05, 0.05)
INFO [2025-12-12 18:56:23] 
INFO [2025-12-12 18:56:23] $cat.pos
INFO [2025-12-12 18:56:23] c(-20, 20)
INFO [2025-12-12 18:56:23] 
